<?xml version="1.0" encoding="UTF-8"?>
<!-- Generated by org.testng.reporters.JUnitReportReporter -->
<testsuite hostname="Neereshwar-PC" failures="0" tests="5" name="testCases.TC_003_LoginDDT" time="37.182" errors="0" timestamp="2024-02-26T11:44:09 IST" skipped="0">
  <testcase classname="testCases.TC_003_LoginDDT" name="verify_loginDDT" time="10.836"/>
  <testcase classname="testCases.TC_003_LoginDDT" name="verify_loginDDT" time="11.520"/>
  <testcase classname="testCases.TC_003_LoginDDT" name="verify_loginDDT" time="1.510"/>
  <testcase classname="testCases.TC_003_LoginDDT" name="verify_loginDDT" time="11.236"/>
  <testcase classname="testCases.TC_003_LoginDDT" name="verify_loginDDT" time="2.080"/>
</testsuite> <!-- testCases.TC_003_LoginDDT -->
