<?xml version="1.0" encoding="UTF-8"?>
<!-- Generated by org.testng.reporters.JUnitReportReporter -->
<testsuite hostname="Neereshwar-PC" failures="0" tests="1" name="testCases.TC_001_AccountRegistrationTest" time="18.104" errors="0" timestamp="2024-02-26T16:27:41 IST" skipped="0">
  <testcase classname="testCases.TC_001_AccountRegistrationTest" name="verify_account_registration" time="18.104"/>
</testsuite> <!-- testCases.TC_001_AccountRegistrationTest -->
