<?xml version="1.0" encoding="UTF-8"?>
<!-- Generated by org.testng.reporters.JUnitReportReporter -->
<testsuite hostname="Neereshwar-PC" failures="0" tests="1" name="testCases.TC_005_AddToCartPageTest" time="1.965" errors="0" timestamp="2024-03-04T10:28:34 IST" skipped="0">
  <testcase classname="testCases.TC_005_AddToCartPageTest" name="verify_addToCart" time="1.965"/>
</testsuite> <!-- testCases.TC_005_AddToCartPageTest -->
