<?xml version="1.0" encoding="UTF-8"?>
<!-- Generated by org.testng.reporters.JUnitReportReporter -->
<testsuite hostname="Neereshwar-PC" failures="0" tests="1" name="testCases.TC_006_EndToEndTest" time="36.314" errors="0" timestamp="2024-03-04T10:28:34 IST" skipped="0">
  <testcase classname="testCases.TC_006_EndToEndTest" name="endToendTest" time="36.314"/>
</testsuite> <!-- testCases.TC_006_EndToEndTest -->
